<?xml version="1.0" encoding="UTF-8"?>
<testsuite xmlns:xsi="http://www.w3.org/2001/XMLSchema-instance" xsi:noNamespaceSchemaLocation="https://maven.apache.org/surefire/maven-surefire-plugin/xsd/surefire-test-report.xsd" name="com.iuv.Test.comment.TestCommentDao" time="0.537" tests="1" errors="1" skipped="0" failures="0">
  <properties>
[...]
</properties>
  <testcase name="insertComment" classname="com.iuv.Test.comment.TestCommentDao" time="0.523">
    <error message="&#10;### Error updating database.  Cause: java.sql.SQLSyntaxErrorException: Unknown column &apos;time&apos; in &apos;field list&apos;&#10;### The error may exist in file [D:\AAAA-IUV\target\classes\mapper\CommentMapper.xml]&#10;### The error may involve defaultParameterMap&#10;### The error occurred while setting parameters&#10;### SQL: INSERT INTO comment     (id,time,comment,movie_id,user_id,parent_id,root_id)     VALUES     (null, now(), ?, ?, ?, ?, ?)&#10;### Cause: java.sql.SQLSyntaxErrorException: Unknown column &apos;time&apos; in &apos;field list&apos;&#10;; bad SQL grammar []; nested exception is java.sql.SQLSyntaxErrorException: Unknown column &apos;time&apos; in &apos;field list&apos;" type="org.springframework.jdbc.BadSqlGrammarException">org.springframework.jdbc.BadSqlGrammarException: 

### Error updating database.  Cause: java.sql.SQLSyntaxErrorException: Unknown column 'time' in 'field list'
### The error may exist in file [D:\AAAA-IUV\target\classes\mapper\CommentMapper.xml]
### The error may involve defaultParameterMap
### The error occurred while setting parameters
### SQL: INSERT INTO comment     (id,time,comment,movie_id,user_id,parent_id,root_id)     VALUES     (null, now(), ?, ?, ?, ?, ?)
### Cause: java.sql.SQLSyntaxErrorException: Unknown column 'time' in 'field list'
; bad SQL grammar []; nested exception is java.sql.SQLSyntaxErrorException: Unknown column 'time' in 'field list'
	at com.iuv.Test.comment.TestCommentDao.insertComment(TestCommentDao.java:41)
Caused by: java.sql.SQLSyntaxErrorException: Unknown column 'time' in 'field list'
	at com.iuv.Test.comment.TestCommentDao.insertComment(TestCommentDao.java:41)
</error>
    <system-out><![CDATA[2019-12-19 16:29:44.476  INFO 12312 --- [           main] .b.t.c.SpringBootTestContextBootstrapper : Neither @ContextConfiguration nor @ContextHierarchy found for test class [com.iuv.Test.comment.TestCommentDao], using SpringBootContextLoader
2019-12-19 16:29:44.478  INFO 12312 --- [           main] o.s.t.c.support.AbstractContextLoader    : Could not detect default resource locations for test class [com.iuv.Test.comment.TestCommentDao]: no resource found for suffixes {-context.xml, Context.groovy}.
2019-12-19 16:29:44.478  INFO 12312 --- [           main] t.c.s.AnnotationConfigContextLoaderUtils : Could not detect default configuration classes for test class [com.iuv.Test.comment.TestCommentDao]: TestCommentDao does not declare any static, non-private, non-final, nested classes annotated with @Configuration.
2019-12-19 16:29:44.497  INFO 12312 --- [           main] .b.t.c.SpringBootTestContextBootstrapper : Found @SpringBootConfiguration com.iuv.IuvApplication for test class com.iuv.Test.comment.TestCommentDao
2019-12-19 16:29:44.509  INFO 12312 --- [           main] .b.t.c.SpringBootTestContextBootstrapper : Loaded default TestExecutionListener class names from location [META-INF/spring.factories]: [org.springframework.boot.test.mock.mockito.MockitoTestExecutionListener, org.springframework.boot.test.mock.mockito.ResetMocksTestExecutionListener, org.springframework.boot.test.autoconfigure.restdocs.RestDocsTestExecutionListener, org.springframework.boot.test.autoconfigure.web.client.MockRestServiceServerResetTestExecutionListener, org.springframework.boot.test.autoconfigure.web.servlet.MockMvcPrintOnlyOnFailureTestExecutionListener, org.springframework.boot.test.autoconfigure.web.servlet.WebDriverTestExecutionListener, org.springframework.test.context.web.ServletTestExecutionListener, org.springframework.test.context.support.DirtiesContextBeforeModesTestExecutionListener, org.springframework.test.context.support.DependencyInjectionTestExecutionListener, org.springframework.test.context.support.DirtiesContextTestExecutionListener, org.springframework.test.context.transaction.TransactionalTestExecutionListener, org.springframework.test.context.jdbc.SqlScriptsTestExecutionListener]
2019-12-19 16:29:44.510  INFO 12312 --- [           main] .b.t.c.SpringBootTestContextBootstrapper : Using TestExecutionListeners: [org.springframework.test.context.web.ServletTestExecutionListener@429aeac1, org.springframework.test.context.support.DirtiesContextBeforeModesTestExecutionListener@79eeff87, org.springframework.boot.test.mock.mockito.MockitoTestExecutionListener@6b4fc2d1, org.springframework.boot.test.autoconfigure.SpringBootDependencyInjectionTestExecutionListener@8bd076a, org.springframework.test.context.support.DirtiesContextTestExecutionListener@1de4285e, org.springframework.test.context.transaction.TransactionalTestExecutionListener@1378eea2, org.springframework.test.context.jdbc.SqlScriptsTestExecutionListener@634ff56, org.springframework.boot.test.mock.mockito.ResetMocksTestExecutionListener@66522ead, org.springframework.boot.test.autoconfigure.restdocs.RestDocsTestExecutionListener@5a484ce1, org.springframework.boot.test.autoconfigure.web.client.MockRestServiceServerResetTestExecutionListener@e91b4f4, org.springframework.boot.test.autoconfigure.web.servlet.MockMvcPrintOnlyOnFailureTestExecutionListener@2ffe243f, org.springframework.boot.test.autoconfigure.web.servlet.WebDriverTestExecutionListener@58ae402b]
测试开始了
2019-12-19 16:29:44.576  INFO 12312 --- [           main] com.zaxxer.hikari.HikariDataSource       : HikariPool-1 - Starting...
2019-12-19 16:29:44.940  INFO 12312 --- [           main] com.zaxxer.hikari.HikariDataSource       : HikariPool-1 - Start completed.
]]></system-out>
  </testcase>
</testsuite>